Flow report for HashGen
Thu Jun 27 09:25:28 2024
Quartus II 64-Bit Version 13.0.1 Build 232 06/12/2013 Service Pack 1 SJ Web Edition


---------------------
; Table of Contents ;
---------------------
  1. Legal Notice
  2. Flow Summary
  3. Flow Settings
  4. Flow Non-Default Global Settings
  5. Flow Elapsed Time
  6. Flow OS Summary
  7. Flow Log
  8. Flow Messages
  9. Flow Suppressed Messages



----------------
; Legal Notice ;
----------------
Copyright (C) 1991-2013 Altera Corporation
Your use of Altera Corporation's design tools, logic functions 
and other software and tools, and its AMPP partner logic 
functions, and any output files from any of the foregoing 
(including device programming or simulation files), and any 
associated documentation or information are expressly subject 
to the terms and conditions of the Altera Program License 
Subscription Agreement, Altera MegaCore Function License 
Agreement, or other applicable license agreement, including, 
without limitation, that your use is for the sole purpose of 
programming logic devices manufactured by Altera and sold by 
Altera or its authorized distributors.  Please refer to the 
applicable agreement for further details.



+--------------------------------------------------------------------------------------+
; Flow Summary                                                                         ;
+------------------------------------+-------------------------------------------------+
; Flow Status                        ; Successful - Thu Jun 27 09:25:28 2024           ;
; Quartus II 64-Bit Version          ; 13.0.1 Build 232 06/12/2013 SP 1 SJ Web Edition ;
; Revision Name                      ; HashGen                                         ;
; Top-level Entity Name              ; Top                                             ;
; Family                             ; Cyclone II                                      ;
; Total logic elements               ; 1,033 / 4,608 ( 22 % )                          ;
;     Total combinational functions  ; 1,033 / 4,608 ( 22 % )                          ;
;     Dedicated logic registers      ; 150 / 4,608 ( 3 % )                             ;
; Total registers                    ; 150                                             ;
; Total pins                         ; 36 / 89 ( 40 % )                                ;
; Total virtual pins                 ; 0                                               ;
; Total memory bits                  ; 0 / 119,808 ( 0 % )                             ;
; Embedded Multiplier 9-bit elements ; 0 / 26 ( 0 % )                                  ;
; Total PLLs                         ; 0 / 2 ( 0 % )                                   ;
; Device                             ; EP2C5T144C6                                     ;
; Timing Models                      ; Final                                           ;
+------------------------------------+-------------------------------------------------+


+-----------------------------------------+
; Flow Settings                           ;
+-------------------+---------------------+
; Option            ; Setting             ;
+-------------------+---------------------+
; Start date & time ; 06/27/2024 09:24:54 ;
; Main task         ; Compilation         ;
; Revision Name     ; HashGen             ;
+-------------------+---------------------+


+-------------------------------------------------------------------------------------------------------------------+
; Flow Non-Default Global Settings                                                                                  ;
+-------------------------------------+------------------------------+---------------+-------------+----------------+
; Assignment Name                     ; Value                        ; Default Value ; Entity Name ; Section Id     ;
+-------------------------------------+------------------------------+---------------+-------------+----------------+
; COMPILER_SIGNATURE_ID               ; 121370064393.171946769408792 ; --            ; --          ; --             ;
; EDA_NETLIST_WRITER_OUTPUT_DIR       ; simulation/modelsim          ; --            ; --          ; eda_simulation ;
; EDA_OUTPUT_DATA_FORMAT              ; Systemverilog Hdl            ; --            ; --          ; eda_simulation ;
; EDA_SIMULATION_TOOL                 ; ModelSim (SystemVerilog)     ; <None>        ; --          ; --             ;
; EDA_TIME_SCALE                      ; 1 ps                         ; --            ; --          ; eda_simulation ;
; PARTITION_COLOR                     ; 16764057                     ; --            ; Top         ; Top            ;
; PARTITION_FITTER_PRESERVATION_LEVEL ; PLACEMENT_AND_ROUTING        ; --            ; Top         ; Top            ;
; PARTITION_NETLIST_TYPE              ; SOURCE                       ; --            ; Top         ; Top            ;
; PROJECT_OUTPUT_DIRECTORY            ; output_files                 ; --            ; --          ; --             ;
; TOP_LEVEL_ENTITY                    ; Top                          ; HashGen       ; --          ; --             ;
+-------------------------------------+------------------------------+---------------+-------------+----------------+


+-------------------------------------------------------------------------------------------------------------------------------+
; Flow Elapsed Time                                                                                                             ;
+---------------------------+--------------+-------------------------+---------------------+------------------------------------+
; Module Name               ; Elapsed Time ; Average Processors Used ; Peak Virtual Memory ; Total CPU Time (on all processors) ;
+---------------------------+--------------+-------------------------+---------------------+------------------------------------+
; Analysis & Synthesis      ; 00:00:09     ; 1.0                     ; 4587 MB             ; 00:00:08                           ;
; Fitter                    ; 00:00:12     ; 1.0                     ; 4810 MB             ; 00:00:10                           ;
; Assembler                 ; 00:00:03     ; 1.0                     ; 4551 MB             ; 00:00:03                           ;
; TimeQuest Timing Analyzer ; 00:00:04     ; 1.0                     ; 4565 MB             ; 00:00:04                           ;
; EDA Netlist Writer        ; 00:00:04     ; 1.0                     ; 4528 MB             ; 00:00:03                           ;
; Total                     ; 00:00:32     ; --                      ; --                  ; 00:00:28                           ;
+---------------------------+--------------+-------------------------+---------------------+------------------------------------+


+----------------------------------------------------------------------------------------+
; Flow OS Summary                                                                        ;
+---------------------------+------------------+-----------+------------+----------------+
; Module Name               ; Machine Hostname ; OS Name   ; OS Version ; Processor type ;
+---------------------------+------------------+-----------+------------+----------------+
; Analysis & Synthesis      ; SABERROEINTE1E4  ; Windows 7 ; 6.2        ; x86_64         ;
; Fitter                    ; SABERROEINTE1E4  ; Windows 7 ; 6.2        ; x86_64         ;
; Assembler                 ; SABERROEINTE1E4  ; Windows 7 ; 6.2        ; x86_64         ;
; TimeQuest Timing Analyzer ; SABERROEINTE1E4  ; Windows 7 ; 6.2        ; x86_64         ;
; EDA Netlist Writer        ; SABERROEINTE1E4  ; Windows 7 ; 6.2        ; x86_64         ;
+---------------------------+------------------+-----------+------------+----------------+


------------
; Flow Log ;
------------
quartus_map --read_settings_files=on --write_settings_files=off HashGen -c HashGen
quartus_fit --read_settings_files=off --write_settings_files=off HashGen -c HashGen
quartus_asm --read_settings_files=off --write_settings_files=off HashGen -c HashGen
quartus_sta HashGen -c HashGen
quartus_eda --read_settings_files=off --write_settings_files=off HashGen -c HashGen



